<?xml version="1.0" encoding="UTF-8"?>
<!-- Generated by org.testng.reporters.JUnitXMLReporter -->
<testsuite ignored="0" hostname="Fabrizios-MacBook-Pro.local" failures="0" tests="111" name="Surefire test" time="0.605" errors="0" timestamp="2020-12-23T15:52:11 PET">
  <testcase classname="finalexam.PlayTest" name="Test1" time="0.32"/>
  <testcase classname="finalexam.PlayTest" name="Test2" time="0.01"/>
  <testcase classname="finalexam.PlayTest" name="Test2" time="0.009"/>
  <testcase classname="finalexam.PlayTest" name="Test2" time="0.001"/>
  <testcase classname="finalexam.PlayTest" name="Test2" time="0.01"/>
  <testcase classname="finalexam.PlayTest" name="Test2" time="0.014"/>
  <testcase classname="finalexam.PlayTest" name="Test2" time="0.012"/>
  <testcase classname="finalexam.PlayTest" name="Test2" time="0.014"/>
  <testcase classname="finalexam.PlayTest" name="Test2" time="0.014"/>
  <testcase classname="finalexam.PlayTest" name="Test2" time="0.0"/>
  <testcase classname="finalexam.PlayTest" name="Test2" time="0.0"/>
  <testcase classname="finalexam.PlayTest" name="Test2" time="0.0"/>
  <testcase classname="finalexam.PlayTest" name="Test2" time="0.0"/>
  <testcase classname="finalexam.PlayTest" name="Test2" time="0.001"/>
  <testcase classname="finalexam.PlayTest" name="Test2" time="0.0"/>
  <testcase classname="finalexam.PlayTest" name="Test2" time="0.013"/>
  <testcase classname="finalexam.PlayTest" name="Test2" time="0.006"/>
  <testcase classname="finalexam.PlayTest" name="Test2" time="0.008"/>
  <testcase classname="finalexam.PlayTest" name="Test2" time="0.009"/>
  <testcase classname="finalexam.PlayTest" name="Test2" time="0.008"/>
  <testcase classname="finalexam.PlayTest" name="Test2" time="0.001"/>
  <testcase classname="finalexam.PlayTest" name="Test2" time="0.0"/>
  <testcase classname="finalexam.PlayTest" name="Test2" time="0.0"/>
  <testcase classname="finalexam.PlayTest" name="Test2" time="0.0"/>
  <testcase classname="finalexam.PlayTest" name="Test2" time="0.005"/>
  <testcase classname="finalexam.PlayTest" name="Test2" time="0.0"/>
  <testcase classname="finalexam.PlayTest" name="Test2" time="0.011"/>
  <testcase classname="finalexam.PlayTest" name="Test2" time="0.005"/>
  <testcase classname="finalexam.PlayTest" name="Test2" time="0.001"/>
  <testcase classname="finalexam.PlayTest" name="Test2" time="0.0"/>
  <testcase classname="finalexam.PlayTest" name="Test2" time="0.0"/>
  <testcase classname="finalexam.PlayTest" name="Test2" time="0.0"/>
  <testcase classname="finalexam.PlayTest" name="Test2" time="0.001"/>
  <testcase classname="finalexam.PlayTest" name="Test2" time="0.001"/>
  <testcase classname="finalexam.PlayTest" name="Test2" time="0.0"/>
  <testcase classname="finalexam.PlayTest" name="Test2" time="0.001"/>
  <testcase classname="finalexam.PlayTest" name="Test2" time="0.0"/>
  <testcase classname="finalexam.PlayTest" name="Test2" time="0.0"/>
  <testcase classname="finalexam.PlayTest" name="Test2" time="0.001"/>
  <testcase classname="finalexam.PlayTest" name="Test2" time="0.001"/>
  <testcase classname="finalexam.PlayTest" name="Test2" time="0.0"/>
  <testcase classname="finalexam.PlayTest" name="Test2" time="0.001"/>
  <testcase classname="finalexam.PlayTest" name="Test2" time="0.0"/>
  <testcase classname="finalexam.PlayTest" name="Test2" time="0.0"/>
  <testcase classname="finalexam.PlayTest" name="Test2" time="0.0"/>
  <testcase classname="finalexam.PlayTest" name="Test2" time="0.0"/>
  <testcase classname="finalexam.PlayTest" name="Test2" time="0.0"/>
  <testcase classname="finalexam.PlayTest" name="Test2" time="0.0"/>
  <testcase classname="finalexam.PlayTest" name="Test2" time="0.0"/>
  <testcase classname="finalexam.PlayTest" name="Test2" time="0.0"/>
  <testcase classname="finalexam.PlayTest" name="Test2" time="0.0"/>
  <testcase classname="finalexam.PlayTest" name="Test2" time="0.0"/>
  <testcase classname="finalexam.PlayTest" name="Test2" time="0.0"/>
  <testcase classname="finalexam.PlayTest" name="Test2" time="0.0"/>
  <testcase classname="finalexam.PlayTest" name="Test2" time="0.0"/>
  <testcase classname="finalexam.PlayTest" name="Test2" time="0.001"/>
  <testcase classname="finalexam.PlayTest" name="Test2" time="0.0"/>
  <testcase classname="finalexam.PlayTest" name="Test2" time="0.0"/>
  <testcase classname="finalexam.PlayTest" name="Test2" time="0.001"/>
  <testcase classname="finalexam.PlayTest" name="Test2" time="0.0"/>
  <testcase classname="finalexam.PlayTest" name="Test2" time="0.0"/>
  <testcase classname="finalexam.PlayTest" name="Test2" time="0.001"/>
  <testcase classname="finalexam.PlayTest" name="Test2" time="0.0"/>
  <testcase classname="finalexam.PlayTest" name="Test2" time="0.001"/>
  <testcase classname="finalexam.PlayTest" name="Test2" time="0.0"/>
  <testcase classname="finalexam.PlayTest" name="Test2" time="0.0"/>
  <testcase classname="finalexam.PlayTest" name="Test2" time="0.001"/>
  <testcase classname="finalexam.PlayTest" name="Test2" time="0.0"/>
  <testcase classname="finalexam.PlayTest" name="Test2" time="0.0"/>
  <testcase classname="finalexam.PlayTest" name="Test2" time="0.0"/>
  <testcase classname="finalexam.PlayTest" name="Test2" time="0.001"/>
  <testcase classname="finalexam.PlayTest" name="Test2" time="0.001"/>
  <testcase classname="finalexam.PlayTest" name="Test2" time="0.0"/>
  <testcase classname="finalexam.PlayTest" name="Test2" time="0.001"/>
  <testcase classname="finalexam.PlayTest" name="Test2" time="0.0"/>
  <testcase classname="finalexam.PlayTest" name="Test2" time="0.0"/>
  <testcase classname="finalexam.PlayTest" name="Test2" time="0.0"/>
  <testcase classname="finalexam.PlayTest" name="Test2" time="0.001"/>
  <testcase classname="finalexam.PlayTest" name="Test2" time="0.0"/>
  <testcase classname="finalexam.PlayTest" name="Test2" time="0.0"/>
  <testcase classname="finalexam.PlayTest" name="Test2" time="0.001"/>
  <testcase classname="finalexam.PlayTest" name="Test2" time="0.0"/>
  <testcase classname="finalexam.PlayTest" name="Test2" time="0.001"/>
  <testcase classname="finalexam.PlayTest" name="Test2" time="0.0"/>
  <testcase classname="finalexam.PlayTest" name="Test2" time="0.001"/>
  <testcase classname="finalexam.PlayTest" name="Test2" time="0.001"/>
  <testcase classname="finalexam.PlayTest" name="Test2" time="0.0"/>
  <testcase classname="finalexam.PlayTest" name="Test2" time="0.0"/>
  <testcase classname="finalexam.PlayTest" name="Test2" time="0.0"/>
  <testcase classname="finalexam.PlayTest" name="Test2" time="0.0"/>
  <testcase classname="finalexam.PlayTest" name="Test2" time="0.0"/>
  <testcase classname="finalexam.PlayTest" name="Test2" time="0.0"/>
  <testcase classname="finalexam.PlayTest" name="Test2" time="0.0"/>
  <testcase classname="finalexam.PlayTest" name="Test2" time="0.001"/>
  <testcase classname="finalexam.PlayTest" name="Test2" time="0.001"/>
  <testcase classname="finalexam.PlayTest" name="Test2" time="0.0"/>
  <testcase classname="finalexam.PlayTest" name="Test2" time="0.001"/>
  <testcase classname="finalexam.PlayTest" name="Test2" time="0.001"/>
  <testcase classname="finalexam.PlayTest" name="Test2" time="0.015"/>
  <testcase classname="finalexam.PlayTest" name="Test2" time="0.002"/>
  <testcase classname="finalexam.PlayTest" name="Test2" time="0.0"/>
  <testcase classname="finalexam.PlayTest" name="Test3" time="0.1"/>
  <testcase classname="finalexam.PlayTest" name="test0" time="0.0"/>
  <testcase classname="finalexam.PlayTest" name="testPiezaA" time="0.0"/>
  <testcase classname="finalexam.PlayTest" name="testPiezaB" time="0.0"/>
  <testcase classname="finalexam.PlayTest" name="testPiezaC" time="0.0"/>
  <testcase classname="finalexam.PlayTest" name="testPiezaD" time="0.001"/>
  <testcase classname="finalexam.PlayTest" name="testPiezaE" time="0.001"/>
  <testcase classname="finalexam.PlayTest" name="testPiezaF" time="0.0"/>
  <testcase classname="finalexam.PlayTest" name="testPiezaG" time="0.0"/>
  <testcase classname="finalexam.PlayTest" name="testPiezaH" time="0.0"/>
</testsuite> <!-- Surefire test -->
