<?xml version="1.0" encoding="UTF-8"?>
<testng-results ignored="0" total="111" passed="111" failed="0" skipped="0">
  <reporter-output>
  </reporter-output>
  <suite started-at="2020-12-23T15:52:11 PET" name="Surefire suite" finished-at="2020-12-23T15:52:11 PET" duration-ms="605">
    <groups>
    </groups>
    <test started-at="2020-12-23T15:52:11 PET" name="Surefire test" finished-at="2020-12-23T15:52:11 PET" duration-ms="605">
      <class name="finalexam.PlayTest">
        <test-method signature="Test1()[pri:0, instance:finalexam.PlayTest@5cb5bb88]" started-at="2020-12-23T15:52:11 PET" name="Test1" finished-at="2020-12-23T15:52:11 PET" duration-ms="320" status="PASS">
          <reporter-output>
          </reporter-output>
        </test-method> <!-- Test1 -->
        <test-method signature="Test2()[pri:0, instance:finalexam.PlayTest@5cb5bb88]" started-at="2020-12-23T15:52:11 PET" name="Test2" finished-at="2020-12-23T15:52:11 PET" duration-ms="10" status="PASS">
          <reporter-output>
          </reporter-output>
        </test-method> <!-- Test2 -->
        <test-method signature="Test2()[pri:0, instance:finalexam.PlayTest@5cb5bb88]" started-at="2020-12-23T15:52:11 PET" name="Test2" finished-at="2020-12-23T15:52:11 PET" duration-ms="14" status="PASS">
          <reporter-output>
          </reporter-output>
        </test-method> <!-- Test2 -->
        <test-method signature="Test2()[pri:0, instance:finalexam.PlayTest@5cb5bb88]" started-at="2020-12-23T15:52:11 PET" name="Test2" finished-at="2020-12-23T15:52:11 PET" duration-ms="14" status="PASS">
          <reporter-output>
          </reporter-output>
        </test-method> <!-- Test2 -->
        <test-method signature="Test2()[pri:0, instance:finalexam.PlayTest@5cb5bb88]" started-at="2020-12-23T15:52:11 PET" name="Test2" finished-at="2020-12-23T15:52:11 PET" duration-ms="14" status="PASS">
          <reporter-output>
          </reporter-output>
        </test-method> <!-- Test2 -->
        <test-method signature="Test2()[pri:0, instance:finalexam.PlayTest@5cb5bb88]" started-at="2020-12-23T15:52:11 PET" name="Test2" finished-at="2020-12-23T15:52:11 PET" duration-ms="12" status="PASS">
          <reporter-output>
          </reporter-output>
        </test-method> <!-- Test2 -->
        <test-method signature="Test2()[pri:0, instance:finalexam.PlayTest@5cb5bb88]" started-at="2020-12-23T15:52:11 PET" name="Test2" finished-at="2020-12-23T15:52:11 PET" duration-ms="9" status="PASS">
          <reporter-output>
          </reporter-output>
        </test-method> <!-- Test2 -->
        <test-method signature="Test2()[pri:0, instance:finalexam.PlayTest@5cb5bb88]" started-at="2020-12-23T15:52:11 PET" name="Test2" finished-at="2020-12-23T15:52:11 PET" duration-ms="10" status="PASS">
          <reporter-output>
          </reporter-output>
        </test-method> <!-- Test2 -->
        <test-method signature="Test2()[pri:0, instance:finalexam.PlayTest@5cb5bb88]" started-at="2020-12-23T15:52:11 PET" name="Test2" finished-at="2020-12-23T15:52:11 PET" duration-ms="13" status="PASS">
          <reporter-output>
          </reporter-output>
        </test-method> <!-- Test2 -->
        <test-method signature="Test2()[pri:0, instance:finalexam.PlayTest@5cb5bb88]" started-at="2020-12-23T15:52:11 PET" name="Test2" finished-at="2020-12-23T15:52:11 PET" duration-ms="1" status="PASS">
          <reporter-output>
          </reporter-output>
        </test-method> <!-- Test2 -->
        <test-method signature="Test2()[pri:0, instance:finalexam.PlayTest@5cb5bb88]" started-at="2020-12-23T15:52:11 PET" name="Test2" finished-at="2020-12-23T15:52:11 PET" duration-ms="0" status="PASS">
          <reporter-output>
          </reporter-output>
        </test-method> <!-- Test2 -->
        <test-method signature="Test2()[pri:0, instance:finalexam.PlayTest@5cb5bb88]" started-at="2020-12-23T15:52:11 PET" name="Test2" finished-at="2020-12-23T15:52:11 PET" duration-ms="0" status="PASS">
          <reporter-output>
          </reporter-output>
        </test-method> <!-- Test2 -->
        <test-method signature="Test2()[pri:0, instance:finalexam.PlayTest@5cb5bb88]" started-at="2020-12-23T15:52:11 PET" name="Test2" finished-at="2020-12-23T15:52:11 PET" duration-ms="0" status="PASS">
          <reporter-output>
          </reporter-output>
        </test-method> <!-- Test2 -->
        <test-method signature="Test2()[pri:0, instance:finalexam.PlayTest@5cb5bb88]" started-at="2020-12-23T15:52:11 PET" name="Test2" finished-at="2020-12-23T15:52:11 PET" duration-ms="1" status="PASS">
          <reporter-output>
          </reporter-output>
        </test-method> <!-- Test2 -->
        <test-method signature="Test2()[pri:0, instance:finalexam.PlayTest@5cb5bb88]" started-at="2020-12-23T15:52:11 PET" name="Test2" finished-at="2020-12-23T15:52:11 PET" duration-ms="0" status="PASS">
          <reporter-output>
          </reporter-output>
        </test-method> <!-- Test2 -->
        <test-method signature="Test2()[pri:0, instance:finalexam.PlayTest@5cb5bb88]" started-at="2020-12-23T15:52:11 PET" name="Test2" finished-at="2020-12-23T15:52:11 PET" duration-ms="0" status="PASS">
          <reporter-output>
          </reporter-output>
        </test-method> <!-- Test2 -->
        <test-method signature="Test2()[pri:0, instance:finalexam.PlayTest@5cb5bb88]" started-at="2020-12-23T15:52:11 PET" name="Test2" finished-at="2020-12-23T15:52:11 PET" duration-ms="9" status="PASS">
          <reporter-output>
          </reporter-output>
        </test-method> <!-- Test2 -->
        <test-method signature="Test2()[pri:0, instance:finalexam.PlayTest@5cb5bb88]" started-at="2020-12-23T15:52:11 PET" name="Test2" finished-at="2020-12-23T15:52:11 PET" duration-ms="8" status="PASS">
          <reporter-output>
          </reporter-output>
        </test-method> <!-- Test2 -->
        <test-method signature="Test2()[pri:0, instance:finalexam.PlayTest@5cb5bb88]" started-at="2020-12-23T15:52:11 PET" name="Test2" finished-at="2020-12-23T15:52:11 PET" duration-ms="8" status="PASS">
          <reporter-output>
          </reporter-output>
        </test-method> <!-- Test2 -->
        <test-method signature="Test2()[pri:0, instance:finalexam.PlayTest@5cb5bb88]" started-at="2020-12-23T15:52:11 PET" name="Test2" finished-at="2020-12-23T15:52:11 PET" duration-ms="11" status="PASS">
          <reporter-output>
          </reporter-output>
        </test-method> <!-- Test2 -->
        <test-method signature="Test2()[pri:0, instance:finalexam.PlayTest@5cb5bb88]" started-at="2020-12-23T15:52:11 PET" name="Test2" finished-at="2020-12-23T15:52:11 PET" duration-ms="6" status="PASS">
          <reporter-output>
          </reporter-output>
        </test-method> <!-- Test2 -->
        <test-method signature="Test2()[pri:0, instance:finalexam.PlayTest@5cb5bb88]" started-at="2020-12-23T15:52:11 PET" name="Test2" finished-at="2020-12-23T15:52:11 PET" duration-ms="5" status="PASS">
          <reporter-output>
          </reporter-output>
        </test-method> <!-- Test2 -->
        <test-method signature="Test2()[pri:0, instance:finalexam.PlayTest@5cb5bb88]" started-at="2020-12-23T15:52:11 PET" name="Test2" finished-at="2020-12-23T15:52:11 PET" duration-ms="5" status="PASS">
          <reporter-output>
          </reporter-output>
        </test-method> <!-- Test2 -->
        <test-method signature="Test2()[pri:0, instance:finalexam.PlayTest@5cb5bb88]" started-at="2020-12-23T15:52:11 PET" name="Test2" finished-at="2020-12-23T15:52:11 PET" duration-ms="1" status="PASS">
          <reporter-output>
          </reporter-output>
        </test-method> <!-- Test2 -->
        <test-method signature="Test2()[pri:0, instance:finalexam.PlayTest@5cb5bb88]" started-at="2020-12-23T15:52:11 PET" name="Test2" finished-at="2020-12-23T15:52:11 PET" duration-ms="0" status="PASS">
          <reporter-output>
          </reporter-output>
        </test-method> <!-- Test2 -->
        <test-method signature="Test2()[pri:0, instance:finalexam.PlayTest@5cb5bb88]" started-at="2020-12-23T15:52:11 PET" name="Test2" finished-at="2020-12-23T15:52:11 PET" duration-ms="0" status="PASS">
          <reporter-output>
          </reporter-output>
        </test-method> <!-- Test2 -->
        <test-method signature="Test2()[pri:0, instance:finalexam.PlayTest@5cb5bb88]" started-at="2020-12-23T15:52:11 PET" name="Test2" finished-at="2020-12-23T15:52:11 PET" duration-ms="0" status="PASS">
          <reporter-output>
          </reporter-output>
        </test-method> <!-- Test2 -->
        <test-method signature="Test2()[pri:0, instance:finalexam.PlayTest@5cb5bb88]" started-at="2020-12-23T15:52:11 PET" name="Test2" finished-at="2020-12-23T15:52:11 PET" duration-ms="0" status="PASS">
          <reporter-output>
          </reporter-output>
        </test-method> <!-- Test2 -->
        <test-method signature="Test2()[pri:0, instance:finalexam.PlayTest@5cb5bb88]" started-at="2020-12-23T15:52:11 PET" name="Test2" finished-at="2020-12-23T15:52:11 PET" duration-ms="1" status="PASS">
          <reporter-output>
          </reporter-output>
        </test-method> <!-- Test2 -->
        <test-method signature="Test2()[pri:0, instance:finalexam.PlayTest@5cb5bb88]" started-at="2020-12-23T15:52:11 PET" name="Test2" finished-at="2020-12-23T15:52:11 PET" duration-ms="0" status="PASS">
          <reporter-output>
          </reporter-output>
        </test-method> <!-- Test2 -->
        <test-method signature="Test2()[pri:0, instance:finalexam.PlayTest@5cb5bb88]" started-at="2020-12-23T15:52:11 PET" name="Test2" finished-at="2020-12-23T15:52:11 PET" duration-ms="0" status="PASS">
          <reporter-output>
          </reporter-output>
        </test-method> <!-- Test2 -->
        <test-method signature="Test2()[pri:0, instance:finalexam.PlayTest@5cb5bb88]" started-at="2020-12-23T15:52:11 PET" name="Test2" finished-at="2020-12-23T15:52:11 PET" duration-ms="0" status="PASS">
          <reporter-output>
          </reporter-output>
        </test-method> <!-- Test2 -->
        <test-method signature="Test2()[pri:0, instance:finalexam.PlayTest@5cb5bb88]" started-at="2020-12-23T15:52:11 PET" name="Test2" finished-at="2020-12-23T15:52:11 PET" duration-ms="1" status="PASS">
          <reporter-output>
          </reporter-output>
        </test-method> <!-- Test2 -->
        <test-method signature="Test2()[pri:0, instance:finalexam.PlayTest@5cb5bb88]" started-at="2020-12-23T15:52:11 PET" name="Test2" finished-at="2020-12-23T15:52:11 PET" duration-ms="0" status="PASS">
          <reporter-output>
          </reporter-output>
        </test-method> <!-- Test2 -->
        <test-method signature="Test2()[pri:0, instance:finalexam.PlayTest@5cb5bb88]" started-at="2020-12-23T15:52:11 PET" name="Test2" finished-at="2020-12-23T15:52:11 PET" duration-ms="1" status="PASS">
          <reporter-output>
          </reporter-output>
        </test-method> <!-- Test2 -->
        <test-method signature="Test2()[pri:0, instance:finalexam.PlayTest@5cb5bb88]" started-at="2020-12-23T15:52:11 PET" name="Test2" finished-at="2020-12-23T15:52:11 PET" duration-ms="1" status="PASS">
          <reporter-output>
          </reporter-output>
        </test-method> <!-- Test2 -->
        <test-method signature="Test2()[pri:0, instance:finalexam.PlayTest@5cb5bb88]" started-at="2020-12-23T15:52:11 PET" name="Test2" finished-at="2020-12-23T15:52:11 PET" duration-ms="1" status="PASS">
          <reporter-output>
          </reporter-output>
        </test-method> <!-- Test2 -->
        <test-method signature="Test2()[pri:0, instance:finalexam.PlayTest@5cb5bb88]" started-at="2020-12-23T15:52:11 PET" name="Test2" finished-at="2020-12-23T15:52:11 PET" duration-ms="0" status="PASS">
          <reporter-output>
          </reporter-output>
        </test-method> <!-- Test2 -->
        <test-method signature="Test2()[pri:0, instance:finalexam.PlayTest@5cb5bb88]" started-at="2020-12-23T15:52:11 PET" name="Test2" finished-at="2020-12-23T15:52:11 PET" duration-ms="0" status="PASS">
          <reporter-output>
          </reporter-output>
        </test-method> <!-- Test2 -->
        <test-method signature="Test2()[pri:0, instance:finalexam.PlayTest@5cb5bb88]" started-at="2020-12-23T15:52:11 PET" name="Test2" finished-at="2020-12-23T15:52:11 PET" duration-ms="1" status="PASS">
          <reporter-output>
          </reporter-output>
        </test-method> <!-- Test2 -->
        <test-method signature="Test2()[pri:0, instance:finalexam.PlayTest@5cb5bb88]" started-at="2020-12-23T15:52:11 PET" name="Test2" finished-at="2020-12-23T15:52:11 PET" duration-ms="0" status="PASS">
          <reporter-output>
          </reporter-output>
        </test-method> <!-- Test2 -->
        <test-method signature="Test2()[pri:0, instance:finalexam.PlayTest@5cb5bb88]" started-at="2020-12-23T15:52:11 PET" name="Test2" finished-at="2020-12-23T15:52:11 PET" duration-ms="1" status="PASS">
          <reporter-output>
          </reporter-output>
        </test-method> <!-- Test2 -->
        <test-method signature="Test2()[pri:0, instance:finalexam.PlayTest@5cb5bb88]" started-at="2020-12-23T15:52:11 PET" name="Test2" finished-at="2020-12-23T15:52:11 PET" duration-ms="0" status="PASS">
          <reporter-output>
          </reporter-output>
        </test-method> <!-- Test2 -->
        <test-method signature="Test2()[pri:0, instance:finalexam.PlayTest@5cb5bb88]" started-at="2020-12-23T15:52:11 PET" name="Test2" finished-at="2020-12-23T15:52:11 PET" duration-ms="0" status="PASS">
          <reporter-output>
          </reporter-output>
        </test-method> <!-- Test2 -->
        <test-method signature="Test2()[pri:0, instance:finalexam.PlayTest@5cb5bb88]" started-at="2020-12-23T15:52:11 PET" name="Test2" finished-at="2020-12-23T15:52:11 PET" duration-ms="0" status="PASS">
          <reporter-output>
          </reporter-output>
        </test-method> <!-- Test2 -->
        <test-method signature="Test2()[pri:0, instance:finalexam.PlayTest@5cb5bb88]" started-at="2020-12-23T15:52:11 PET" name="Test2" finished-at="2020-12-23T15:52:11 PET" duration-ms="0" status="PASS">
          <reporter-output>
          </reporter-output>
        </test-method> <!-- Test2 -->
        <test-method signature="Test2()[pri:0, instance:finalexam.PlayTest@5cb5bb88]" started-at="2020-12-23T15:52:11 PET" name="Test2" finished-at="2020-12-23T15:52:11 PET" duration-ms="0" status="PASS">
          <reporter-output>
          </reporter-output>
        </test-method> <!-- Test2 -->
        <test-method signature="Test2()[pri:0, instance:finalexam.PlayTest@5cb5bb88]" started-at="2020-12-23T15:52:11 PET" name="Test2" finished-at="2020-12-23T15:52:11 PET" duration-ms="0" status="PASS">
          <reporter-output>
          </reporter-output>
        </test-method> <!-- Test2 -->
        <test-method signature="Test2()[pri:0, instance:finalexam.PlayTest@5cb5bb88]" started-at="2020-12-23T15:52:11 PET" name="Test2" finished-at="2020-12-23T15:52:11 PET" duration-ms="0" status="PASS">
          <reporter-output>
          </reporter-output>
        </test-method> <!-- Test2 -->
        <test-method signature="Test2()[pri:0, instance:finalexam.PlayTest@5cb5bb88]" started-at="2020-12-23T15:52:11 PET" name="Test2" finished-at="2020-12-23T15:52:11 PET" duration-ms="0" status="PASS">
          <reporter-output>
          </reporter-output>
        </test-method> <!-- Test2 -->
        <test-method signature="Test2()[pri:0, instance:finalexam.PlayTest@5cb5bb88]" started-at="2020-12-23T15:52:11 PET" name="Test2" finished-at="2020-12-23T15:52:11 PET" duration-ms="0" status="PASS">
          <reporter-output>
          </reporter-output>
        </test-method> <!-- Test2 -->
        <test-method signature="Test2()[pri:0, instance:finalexam.PlayTest@5cb5bb88]" started-at="2020-12-23T15:52:11 PET" name="Test2" finished-at="2020-12-23T15:52:11 PET" duration-ms="0" status="PASS">
          <reporter-output>
          </reporter-output>
        </test-method> <!-- Test2 -->
        <test-method signature="Test2()[pri:0, instance:finalexam.PlayTest@5cb5bb88]" started-at="2020-12-23T15:52:11 PET" name="Test2" finished-at="2020-12-23T15:52:11 PET" duration-ms="0" status="PASS">
          <reporter-output>
          </reporter-output>
        </test-method> <!-- Test2 -->
        <test-method signature="Test2()[pri:0, instance:finalexam.PlayTest@5cb5bb88]" started-at="2020-12-23T15:52:11 PET" name="Test2" finished-at="2020-12-23T15:52:11 PET" duration-ms="0" status="PASS">
          <reporter-output>
          </reporter-output>
        </test-method> <!-- Test2 -->
        <test-method signature="Test2()[pri:0, instance:finalexam.PlayTest@5cb5bb88]" started-at="2020-12-23T15:52:11 PET" name="Test2" finished-at="2020-12-23T15:52:11 PET" duration-ms="1" status="PASS">
          <reporter-output>
          </reporter-output>
        </test-method> <!-- Test2 -->
        <test-method signature="Test2()[pri:0, instance:finalexam.PlayTest@5cb5bb88]" started-at="2020-12-23T15:52:11 PET" name="Test2" finished-at="2020-12-23T15:52:11 PET" duration-ms="0" status="PASS">
          <reporter-output>
          </reporter-output>
        </test-method> <!-- Test2 -->
        <test-method signature="Test2()[pri:0, instance:finalexam.PlayTest@5cb5bb88]" started-at="2020-12-23T15:52:11 PET" name="Test2" finished-at="2020-12-23T15:52:11 PET" duration-ms="0" status="PASS">
          <reporter-output>
          </reporter-output>
        </test-method> <!-- Test2 -->
        <test-method signature="Test2()[pri:0, instance:finalexam.PlayTest@5cb5bb88]" started-at="2020-12-23T15:52:11 PET" name="Test2" finished-at="2020-12-23T15:52:11 PET" duration-ms="1" status="PASS">
          <reporter-output>
          </reporter-output>
        </test-method> <!-- Test2 -->
        <test-method signature="Test2()[pri:0, instance:finalexam.PlayTest@5cb5bb88]" started-at="2020-12-23T15:52:11 PET" name="Test2" finished-at="2020-12-23T15:52:11 PET" duration-ms="0" status="PASS">
          <reporter-output>
          </reporter-output>
        </test-method> <!-- Test2 -->
        <test-method signature="Test2()[pri:0, instance:finalexam.PlayTest@5cb5bb88]" started-at="2020-12-23T15:52:11 PET" name="Test2" finished-at="2020-12-23T15:52:11 PET" duration-ms="0" status="PASS">
          <reporter-output>
          </reporter-output>
        </test-method> <!-- Test2 -->
        <test-method signature="Test2()[pri:0, instance:finalexam.PlayTest@5cb5bb88]" started-at="2020-12-23T15:52:11 PET" name="Test2" finished-at="2020-12-23T15:52:11 PET" duration-ms="1" status="PASS">
          <reporter-output>
          </reporter-output>
        </test-method> <!-- Test2 -->
        <test-method signature="Test2()[pri:0, instance:finalexam.PlayTest@5cb5bb88]" started-at="2020-12-23T15:52:11 PET" name="Test2" finished-at="2020-12-23T15:52:11 PET" duration-ms="0" status="PASS">
          <reporter-output>
          </reporter-output>
        </test-method> <!-- Test2 -->
        <test-method signature="Test2()[pri:0, instance:finalexam.PlayTest@5cb5bb88]" started-at="2020-12-23T15:52:11 PET" name="Test2" finished-at="2020-12-23T15:52:11 PET" duration-ms="0" status="PASS">
          <reporter-output>
          </reporter-output>
        </test-method> <!-- Test2 -->
        <test-method signature="Test2()[pri:0, instance:finalexam.PlayTest@5cb5bb88]" started-at="2020-12-23T15:52:11 PET" name="Test2" finished-at="2020-12-23T15:52:11 PET" duration-ms="1" status="PASS">
          <reporter-output>
          </reporter-output>
        </test-method> <!-- Test2 -->
        <test-method signature="Test2()[pri:0, instance:finalexam.PlayTest@5cb5bb88]" started-at="2020-12-23T15:52:11 PET" name="Test2" finished-at="2020-12-23T15:52:11 PET" duration-ms="0" status="PASS">
          <reporter-output>
          </reporter-output>
        </test-method> <!-- Test2 -->
        <test-method signature="Test2()[pri:0, instance:finalexam.PlayTest@5cb5bb88]" started-at="2020-12-23T15:52:11 PET" name="Test2" finished-at="2020-12-23T15:52:11 PET" duration-ms="0" status="PASS">
          <reporter-output>
          </reporter-output>
        </test-method> <!-- Test2 -->
        <test-method signature="Test2()[pri:0, instance:finalexam.PlayTest@5cb5bb88]" started-at="2020-12-23T15:52:11 PET" name="Test2" finished-at="2020-12-23T15:52:11 PET" duration-ms="1" status="PASS">
          <reporter-output>
          </reporter-output>
        </test-method> <!-- Test2 -->
        <test-method signature="Test2()[pri:0, instance:finalexam.PlayTest@5cb5bb88]" started-at="2020-12-23T15:52:11 PET" name="Test2" finished-at="2020-12-23T15:52:11 PET" duration-ms="0" status="PASS">
          <reporter-output>
          </reporter-output>
        </test-method> <!-- Test2 -->
        <test-method signature="Test2()[pri:0, instance:finalexam.PlayTest@5cb5bb88]" started-at="2020-12-23T15:52:11 PET" name="Test2" finished-at="2020-12-23T15:52:11 PET" duration-ms="0" status="PASS">
          <reporter-output>
          </reporter-output>
        </test-method> <!-- Test2 -->
        <test-method signature="Test2()[pri:0, instance:finalexam.PlayTest@5cb5bb88]" started-at="2020-12-23T15:52:11 PET" name="Test2" finished-at="2020-12-23T15:52:11 PET" duration-ms="0" status="PASS">
          <reporter-output>
          </reporter-output>
        </test-method> <!-- Test2 -->
        <test-method signature="Test2()[pri:0, instance:finalexam.PlayTest@5cb5bb88]" started-at="2020-12-23T15:52:11 PET" name="Test2" finished-at="2020-12-23T15:52:11 PET" duration-ms="1" status="PASS">
          <reporter-output>
          </reporter-output>
        </test-method> <!-- Test2 -->
        <test-method signature="Test2()[pri:0, instance:finalexam.PlayTest@5cb5bb88]" started-at="2020-12-23T15:52:11 PET" name="Test2" finished-at="2020-12-23T15:52:11 PET" duration-ms="1" status="PASS">
          <reporter-output>
          </reporter-output>
        </test-method> <!-- Test2 -->
        <test-method signature="Test2()[pri:0, instance:finalexam.PlayTest@5cb5bb88]" started-at="2020-12-23T15:52:11 PET" name="Test2" finished-at="2020-12-23T15:52:11 PET" duration-ms="1" status="PASS">
          <reporter-output>
          </reporter-output>
        </test-method> <!-- Test2 -->
        <test-method signature="Test2()[pri:0, instance:finalexam.PlayTest@5cb5bb88]" started-at="2020-12-23T15:52:11 PET" name="Test2" finished-at="2020-12-23T15:52:11 PET" duration-ms="0" status="PASS">
          <reporter-output>
          </reporter-output>
        </test-method> <!-- Test2 -->
        <test-method signature="Test2()[pri:0, instance:finalexam.PlayTest@5cb5bb88]" started-at="2020-12-23T15:52:11 PET" name="Test2" finished-at="2020-12-23T15:52:11 PET" duration-ms="0" status="PASS">
          <reporter-output>
          </reporter-output>
        </test-method> <!-- Test2 -->
        <test-method signature="Test2()[pri:0, instance:finalexam.PlayTest@5cb5bb88]" started-at="2020-12-23T15:52:11 PET" name="Test2" finished-at="2020-12-23T15:52:11 PET" duration-ms="0" status="PASS">
          <reporter-output>
          </reporter-output>
        </test-method> <!-- Test2 -->
        <test-method signature="Test2()[pri:0, instance:finalexam.PlayTest@5cb5bb88]" started-at="2020-12-23T15:52:11 PET" name="Test2" finished-at="2020-12-23T15:52:11 PET" duration-ms="1" status="PASS">
          <reporter-output>
          </reporter-output>
        </test-method> <!-- Test2 -->
        <test-method signature="Test2()[pri:0, instance:finalexam.PlayTest@5cb5bb88]" started-at="2020-12-23T15:52:11 PET" name="Test2" finished-at="2020-12-23T15:52:11 PET" duration-ms="0" status="PASS">
          <reporter-output>
          </reporter-output>
        </test-method> <!-- Test2 -->
        <test-method signature="Test2()[pri:0, instance:finalexam.PlayTest@5cb5bb88]" started-at="2020-12-23T15:52:11 PET" name="Test2" finished-at="2020-12-23T15:52:11 PET" duration-ms="1" status="PASS">
          <reporter-output>
          </reporter-output>
        </test-method> <!-- Test2 -->
        <test-method signature="Test2()[pri:0, instance:finalexam.PlayTest@5cb5bb88]" started-at="2020-12-23T15:52:11 PET" name="Test2" finished-at="2020-12-23T15:52:11 PET" duration-ms="0" status="PASS">
          <reporter-output>
          </reporter-output>
        </test-method> <!-- Test2 -->
        <test-method signature="Test2()[pri:0, instance:finalexam.PlayTest@5cb5bb88]" started-at="2020-12-23T15:52:11 PET" name="Test2" finished-at="2020-12-23T15:52:11 PET" duration-ms="0" status="PASS">
          <reporter-output>
          </reporter-output>
        </test-method> <!-- Test2 -->
        <test-method signature="Test2()[pri:0, instance:finalexam.PlayTest@5cb5bb88]" started-at="2020-12-23T15:52:11 PET" name="Test2" finished-at="2020-12-23T15:52:11 PET" duration-ms="0" status="PASS">
          <reporter-output>
          </reporter-output>
        </test-method> <!-- Test2 -->
        <test-method signature="Test2()[pri:0, instance:finalexam.PlayTest@5cb5bb88]" started-at="2020-12-23T15:52:11 PET" name="Test2" finished-at="2020-12-23T15:52:11 PET" duration-ms="1" status="PASS">
          <reporter-output>
          </reporter-output>
        </test-method> <!-- Test2 -->
        <test-method signature="Test2()[pri:0, instance:finalexam.PlayTest@5cb5bb88]" started-at="2020-12-23T15:52:11 PET" name="Test2" finished-at="2020-12-23T15:52:11 PET" duration-ms="1" status="PASS">
          <reporter-output>
          </reporter-output>
        </test-method> <!-- Test2 -->
        <test-method signature="Test2()[pri:0, instance:finalexam.PlayTest@5cb5bb88]" started-at="2020-12-23T15:52:11 PET" name="Test2" finished-at="2020-12-23T15:52:11 PET" duration-ms="0" status="PASS">
          <reporter-output>
          </reporter-output>
        </test-method> <!-- Test2 -->
        <test-method signature="Test2()[pri:0, instance:finalexam.PlayTest@5cb5bb88]" started-at="2020-12-23T15:52:11 PET" name="Test2" finished-at="2020-12-23T15:52:11 PET" duration-ms="1" status="PASS">
          <reporter-output>
          </reporter-output>
        </test-method> <!-- Test2 -->
        <test-method signature="Test2()[pri:0, instance:finalexam.PlayTest@5cb5bb88]" started-at="2020-12-23T15:52:11 PET" name="Test2" finished-at="2020-12-23T15:52:11 PET" duration-ms="15" status="PASS">
          <reporter-output>
          </reporter-output>
        </test-method> <!-- Test2 -->
        <test-method signature="Test2()[pri:0, instance:finalexam.PlayTest@5cb5bb88]" started-at="2020-12-23T15:52:11 PET" name="Test2" finished-at="2020-12-23T15:52:11 PET" duration-ms="0" status="PASS">
          <reporter-output>
          </reporter-output>
        </test-method> <!-- Test2 -->
        <test-method signature="Test2()[pri:0, instance:finalexam.PlayTest@5cb5bb88]" started-at="2020-12-23T15:52:11 PET" name="Test2" finished-at="2020-12-23T15:52:11 PET" duration-ms="0" status="PASS">
          <reporter-output>
          </reporter-output>
        </test-method> <!-- Test2 -->
        <test-method signature="Test2()[pri:0, instance:finalexam.PlayTest@5cb5bb88]" started-at="2020-12-23T15:52:11 PET" name="Test2" finished-at="2020-12-23T15:52:11 PET" duration-ms="0" status="PASS">
          <reporter-output>
          </reporter-output>
        </test-method> <!-- Test2 -->
        <test-method signature="Test2()[pri:0, instance:finalexam.PlayTest@5cb5bb88]" started-at="2020-12-23T15:52:11 PET" name="Test2" finished-at="2020-12-23T15:52:11 PET" duration-ms="0" status="PASS">
          <reporter-output>
          </reporter-output>
        </test-method> <!-- Test2 -->
        <test-method signature="Test2()[pri:0, instance:finalexam.PlayTest@5cb5bb88]" started-at="2020-12-23T15:52:11 PET" name="Test2" finished-at="2020-12-23T15:52:11 PET" duration-ms="0" status="PASS">
          <reporter-output>
          </reporter-output>
        </test-method> <!-- Test2 -->
        <test-method signature="Test2()[pri:0, instance:finalexam.PlayTest@5cb5bb88]" started-at="2020-12-23T15:52:11 PET" name="Test2" finished-at="2020-12-23T15:52:11 PET" duration-ms="0" status="PASS">
          <reporter-output>
          </reporter-output>
        </test-method> <!-- Test2 -->
        <test-method signature="Test2()[pri:0, instance:finalexam.PlayTest@5cb5bb88]" started-at="2020-12-23T15:52:11 PET" name="Test2" finished-at="2020-12-23T15:52:11 PET" duration-ms="0" status="PASS">
          <reporter-output>
          </reporter-output>
        </test-method> <!-- Test2 -->
        <test-method signature="Test2()[pri:0, instance:finalexam.PlayTest@5cb5bb88]" started-at="2020-12-23T15:52:11 PET" name="Test2" finished-at="2020-12-23T15:52:11 PET" duration-ms="1" status="PASS">
          <reporter-output>
          </reporter-output>
        </test-method> <!-- Test2 -->
        <test-method signature="Test2()[pri:0, instance:finalexam.PlayTest@5cb5bb88]" started-at="2020-12-23T15:52:11 PET" name="Test2" finished-at="2020-12-23T15:52:11 PET" duration-ms="1" status="PASS">
          <reporter-output>
          </reporter-output>
        </test-method> <!-- Test2 -->
        <test-method signature="Test2()[pri:0, instance:finalexam.PlayTest@5cb5bb88]" started-at="2020-12-23T15:52:11 PET" name="Test2" finished-at="2020-12-23T15:52:11 PET" duration-ms="0" status="PASS">
          <reporter-output>
          </reporter-output>
        </test-method> <!-- Test2 -->
        <test-method signature="Test2()[pri:0, instance:finalexam.PlayTest@5cb5bb88]" started-at="2020-12-23T15:52:11 PET" name="Test2" finished-at="2020-12-23T15:52:11 PET" duration-ms="1" status="PASS">
          <reporter-output>
          </reporter-output>
        </test-method> <!-- Test2 -->
        <test-method signature="Test2()[pri:0, instance:finalexam.PlayTest@5cb5bb88]" started-at="2020-12-23T15:52:11 PET" name="Test2" finished-at="2020-12-23T15:52:11 PET" duration-ms="1" status="PASS">
          <reporter-output>
          </reporter-output>
        </test-method> <!-- Test2 -->
        <test-method signature="Test2()[pri:0, instance:finalexam.PlayTest@5cb5bb88]" started-at="2020-12-23T15:52:11 PET" name="Test2" finished-at="2020-12-23T15:52:11 PET" duration-ms="2" status="PASS">
          <reporter-output>
          </reporter-output>
        </test-method> <!-- Test2 -->
        <test-method signature="Test2()[pri:0, instance:finalexam.PlayTest@5cb5bb88]" started-at="2020-12-23T15:52:11 PET" name="Test2" finished-at="2020-12-23T15:52:11 PET" duration-ms="0" status="PASS">
          <reporter-output>
          </reporter-output>
        </test-method> <!-- Test2 -->
        <test-method signature="Test3()[pri:0, instance:finalexam.PlayTest@5cb5bb88]" started-at="2020-12-23T15:52:11 PET" name="Test3" finished-at="2020-12-23T15:52:11 PET" duration-ms="100" status="PASS">
          <reporter-output>
          </reporter-output>
        </test-method> <!-- Test3 -->
        <test-method signature="test0()[pri:0, instance:finalexam.PlayTest@5cb5bb88]" started-at="2020-12-23T15:52:11 PET" name="test0" finished-at="2020-12-23T15:52:11 PET" duration-ms="0" status="PASS">
          <reporter-output>
          </reporter-output>
        </test-method> <!-- test0 -->
        <test-method signature="testPiezaA()[pri:0, instance:finalexam.PlayTest@5cb5bb88]" started-at="2020-12-23T15:52:11 PET" name="testPiezaA" finished-at="2020-12-23T15:52:11 PET" duration-ms="0" status="PASS">
          <reporter-output>
          </reporter-output>
        </test-method> <!-- testPiezaA -->
        <test-method signature="testPiezaB()[pri:0, instance:finalexam.PlayTest@5cb5bb88]" started-at="2020-12-23T15:52:11 PET" name="testPiezaB" finished-at="2020-12-23T15:52:11 PET" duration-ms="0" status="PASS">
          <reporter-output>
          </reporter-output>
        </test-method> <!-- testPiezaB -->
        <test-method signature="testPiezaD()[pri:0, instance:finalexam.PlayTest@5cb5bb88]" started-at="2020-12-23T15:52:11 PET" name="testPiezaD" finished-at="2020-12-23T15:52:11 PET" duration-ms="1" status="PASS">
          <reporter-output>
          </reporter-output>
        </test-method> <!-- testPiezaD -->
        <test-method signature="testPiezaC()[pri:0, instance:finalexam.PlayTest@5cb5bb88]" started-at="2020-12-23T15:52:11 PET" name="testPiezaC" finished-at="2020-12-23T15:52:11 PET" duration-ms="0" status="PASS">
          <reporter-output>
          </reporter-output>
        </test-method> <!-- testPiezaC -->
        <test-method signature="testPiezaE()[pri:0, instance:finalexam.PlayTest@5cb5bb88]" started-at="2020-12-23T15:52:11 PET" name="testPiezaE" finished-at="2020-12-23T15:52:11 PET" duration-ms="1" status="PASS">
          <reporter-output>
          </reporter-output>
        </test-method> <!-- testPiezaE -->
        <test-method signature="testPiezaF()[pri:0, instance:finalexam.PlayTest@5cb5bb88]" started-at="2020-12-23T15:52:11 PET" name="testPiezaF" finished-at="2020-12-23T15:52:11 PET" duration-ms="0" status="PASS">
          <reporter-output>
          </reporter-output>
        </test-method> <!-- testPiezaF -->
        <test-method signature="testPiezaG()[pri:0, instance:finalexam.PlayTest@5cb5bb88]" started-at="2020-12-23T15:52:11 PET" name="testPiezaG" finished-at="2020-12-23T15:52:11 PET" duration-ms="0" status="PASS">
          <reporter-output>
          </reporter-output>
        </test-method> <!-- testPiezaG -->
        <test-method signature="testPiezaH()[pri:0, instance:finalexam.PlayTest@5cb5bb88]" started-at="2020-12-23T15:52:11 PET" name="testPiezaH" finished-at="2020-12-23T15:52:11 PET" duration-ms="0" status="PASS">
          <reporter-output>
          </reporter-output>
        </test-method> <!-- testPiezaH -->
      </class> <!-- finalexam.PlayTest -->
    </test> <!-- Surefire test -->
  </suite> <!-- Surefire suite -->
</testng-results>
